LatenzProjekt/Intermediate/Android/arm64/gradle/app/build/intermediates/manifest_merge_blame_file/debug/manifest-merger-blame-debug-report.txt
1<?xml version="1.0" encoding="utf-8"?>
2<manifest xmlns:android="http://schemas.android.com/apk/res/android"
3    package="com.epicgames.LatenzProjekt"
4    android:installLocation="internalOnly"
5    android:versionCode="1"
6    android:versionName="1.0" >
7
8    <uses-sdk
9        android:minSdkVersion="26"
9-->src\main\AndroidManifest.xml
10        android:targetSdkVersion="26" />
10-->src\main\AndroidManifest.xml
11    <!-- Requirements -->
12    <uses-feature
12-->src\main\AndroidManifest.xml:73:3-76
13        android:glEsVersion="0x00030000"
13-->src\main\AndroidManifest.xml:73:17-49
14        android:required="true" />
14-->src\main\AndroidManifest.xml:73:50-73
15
16    <uses-permission android:name="android.permission.INTERNET" />
16-->src\main\AndroidManifest.xml:74:3-65
16-->src\main\AndroidManifest.xml:74:20-62
17    <uses-permission android:name="android.permission.WRITE_EXTERNAL_STORAGE" />
17-->src\main\AndroidManifest.xml:75:3-79
17-->src\main\AndroidManifest.xml:75:20-76
18    <uses-permission android:name="android.permission.ACCESS_NETWORK_STATE" />
18-->src\main\AndroidManifest.xml:76:3-77
18-->src\main\AndroidManifest.xml:76:20-74
19    <uses-permission android:name="android.permission.WAKE_LOCK" />
19-->src\main\AndroidManifest.xml:77:3-66
19-->src\main\AndroidManifest.xml:77:20-63
20    <uses-permission android:name="com.android.vending.CHECK_LICENSE" />
20-->src\main\AndroidManifest.xml:78:3-71
20-->src\main\AndroidManifest.xml:78:20-68
21    <uses-permission android:name="android.permission.ACCESS_WIFI_STATE" />
21-->src\main\AndroidManifest.xml:79:3-74
21-->src\main\AndroidManifest.xml:79:20-71
22    <uses-permission android:name="com.android.vending.BILLING" />
22-->src\main\AndroidManifest.xml:80:3-65
22-->src\main\AndroidManifest.xml:80:20-62
23    <!-- Supported texture compression formats (cooked) -->
24    <supports-gl-texture android:name="GL_KHR_texture_compression_astc_ldr" />
24-->src\main\AndroidManifest.xml:82:3-77
24-->src\main\AndroidManifest.xml:82:24-74
25
26    <uses-permission
26-->src\main\AndroidManifest.xml:83:3-87
27        android:name="android.permission.FOREGROUND_SERVICE"
27-->src\main\AndroidManifest.xml:83:20-72
28        __line="66" />
28-->src\main\AndroidManifest.xml:83:73-84
29    <uses-permission
29-->src\main\AndroidManifest.xml:84:3-97
30        android:name="android.permission.FOREGROUND_SERVICE_DATA_SYNC"
30-->src\main\AndroidManifest.xml:84:20-82
31        __line="67" />
31-->src\main\AndroidManifest.xml:84:83-94
32    <uses-permission
32-->src\main\AndroidManifest.xml:85:3-87
33        android:name="android.permission.POST_NOTIFICATIONS"
33-->src\main\AndroidManifest.xml:85:20-72
34        __line="68" />
34-->src\main\AndroidManifest.xml:85:73-84
35
36    <uses-feature
36-->src\main\AndroidManifest.xml:86:3-123
37        android:name="android.hardware.vr.headtracking"
37-->src\main\AndroidManifest.xml:86:17-64
38        __line="29"
38-->src\main\AndroidManifest.xml:86:109-120
39        android:required="true"
39-->src\main\AndroidManifest.xml:86:85-108
40        android:version="1" />
40-->src\main\AndroidManifest.xml:86:65-84
41    <uses-feature
41-->src\main\AndroidManifest.xml:87:3-72
42        android:name="android.hardware.usb.host"
42-->src\main\AndroidManifest.xml:87:17-57
43        __line="60" />
43-->src\main\AndroidManifest.xml:87:58-69
44
45    <queries>
45-->[com.android.billingclient:billing:6.0.0] AndroidManifest.xml:12:5-16:15
46        <intent>
46-->[com.android.billingclient:billing:6.0.0] AndroidManifest.xml:13:9-15:18
47            <action android:name="com.android.vending.billing.InAppBillingService.BIND" />
47-->[com.android.billingclient:billing:6.0.0] AndroidManifest.xml:14:13-91
47-->[com.android.billingclient:billing:6.0.0] AndroidManifest.xml:14:21-88
48        </intent>
49    </queries> <!-- Application Definition -->
50    <application
50-->src\main\AndroidManifest.xml:3:3-71:17
51        android:name="com.epicgames.unreal.GameApplication"
51-->src\main\AndroidManifest.xml:3:147-198
52        android:appComponentFactory="androidx.core.app.CoreComponentFactory"
52-->[androidx.core:core:1.2.0] AndroidManifest.xml:24:18-86
53        android:debuggable="true"
54        android:extractNativeLibs="true"
54-->src\main\AndroidManifest.xml:3:114-146
55        android:hardwareAccelerated="true"
55-->src\main\AndroidManifest.xml:3:79-113
56        android:hasCode="true"
56-->src\main\AndroidManifest.xml:3:243-265
57        android:icon="@drawable/icon"
57-->src\main\AndroidManifest.xml:3:49-78
58        android:label="@string/app_name"
58-->src\main\AndroidManifest.xml:3:16-48
59        android:requestLegacyExternalStorage="true" >
59-->src\main\AndroidManifest.xml:3:199-242
60        <activity
60-->src\main\AndroidManifest.xml:4:5-12:16
61            android:name="com.epicgames.unreal.GameActivity"
61-->src\main\AndroidManifest.xml:4:15-63
62            android:configChanges="mcc|mnc|uiMode|density|screenSize|smallestScreenSize|screenLayout|orientation|keyboardHidden|keyboard|navigation|touchscreen|locale|fontScale|layoutDirection"
62-->src\main\AndroidManifest.xml:4:186-367
63            android:debuggable="true"
63-->src\main\AndroidManifest.xml:4:479-504
64            android:exported="true"
64-->src\main\AndroidManifest.xml:4:64-87
65            android:label="@string/app_name"
65-->src\main\AndroidManifest.xml:4:88-120
66            android:launchMode="singleTask"
66-->src\main\AndroidManifest.xml:4:403-434
67            android:resizeableActivity="false"
67-->src\main\AndroidManifest.xml:4:368-402
68            android:screenOrientation="sensorLandscape"
68-->src\main\AndroidManifest.xml:4:435-478
69            android:theme="@android:style/Theme.Black.NoTitleBar.Fullscreen" >
69-->src\main\AndroidManifest.xml:4:121-185
70            <meta-data
70-->src\main\AndroidManifest.xml:5:7-79
71                android:name="android.app.lib_name"
71-->src\main\AndroidManifest.xml:5:18-53
72                android:value="Unreal" />
72-->src\main\AndroidManifest.xml:5:54-76
73
74            <intent-filter>
74-->src\main\AndroidManifest.xml:6:7-10:23
75                <action android:name="android.intent.action.MAIN" />
75-->src\main\AndroidManifest.xml:7:9-61
75-->src\main\AndroidManifest.xml:7:17-58
76
77                <category android:name="android.intent.category.LAUNCHER" />
77-->src\main\AndroidManifest.xml:8:9-69
77-->src\main\AndroidManifest.xml:8:19-66
78                <category android:name="com.oculus.intent.category.VR" />
78-->src\main\AndroidManifest.xml:9:9-66
78-->src\main\AndroidManifest.xml:9:19-63
79            </intent-filter>
80
81            <meta-data
81-->src\main\AndroidManifest.xml:11:7-81
82                android:name="com.oculus.vr.focusaware"
82-->src\main\AndroidManifest.xml:11:18-57
83                android:value="true" />
83-->src\main\AndroidManifest.xml:11:58-78
84        </activity>
85        <activity android:name="com.epicgames.LatenzProjekt.DownloaderActivity" />
85-->src\main\AndroidManifest.xml:13:5-52
85-->src\main\AndroidManifest.xml:13:15-49
86
87        <meta-data
87-->src\main\AndroidManifest.xml:14:5-103
88            android:name="com.epicgames.unreal.GameActivity.EngineVersion"
88-->src\main\AndroidManifest.xml:14:16-78
89            android:value="5.3.2" />
89-->src\main\AndroidManifest.xml:14:79-100
90        <meta-data
90-->src\main\AndroidManifest.xml:15:5-114
91            android:name="com.epicgames.unreal.GameActivity.EngineBranch"
91-->src\main\AndroidManifest.xml:15:16-77
92            android:value="++UE5+Release-5.3" />
92-->src\main\AndroidManifest.xml:15:78-111
93        <meta-data
93-->src\main\AndroidManifest.xml:16:5-106
94            android:name="com.epicgames.unreal.GameActivity.ProjectVersion"
94-->src\main\AndroidManifest.xml:16:16-79
95            android:value="1.0.0.0" />
95-->src\main\AndroidManifest.xml:16:80-103
96        <meta-data
96-->src\main\AndroidManifest.xml:17:5-107
97            android:name="com.epicgames.unreal.GameActivity.DepthBufferPreference"
97-->src\main\AndroidManifest.xml:17:16-86
98            android:value="0" />
98-->src\main\AndroidManifest.xml:17:87-104
99        <meta-data
99-->src\main\AndroidManifest.xml:18:5-110
100            android:name="com.epicgames.unreal.GameActivity.bPackageDataInsideApk"
100-->src\main\AndroidManifest.xml:18:16-86
101            android:value="true" />
101-->src\main\AndroidManifest.xml:18:87-107
102        <meta-data
102-->src\main\AndroidManifest.xml:19:5-109
103            android:name="com.epicgames.unreal.GameActivity.bVerifyOBBOnStartUp"
103-->src\main\AndroidManifest.xml:19:16-84
104            android:value="false" />
104-->src\main\AndroidManifest.xml:19:85-106
105        <meta-data
105-->src\main\AndroidManifest.xml:20:5-102
106            android:name="com.epicgames.unreal.GameActivity.bShouldHideUI"
106-->src\main\AndroidManifest.xml:20:16-78
107            android:value="true" />
107-->src\main\AndroidManifest.xml:20:79-99
108        <meta-data
108-->src\main\AndroidManifest.xml:21:5-109
109            android:name="com.epicgames.unreal.GameActivity.ProjectName"
109-->src\main\AndroidManifest.xml:21:16-76
110            android:value="LatenzProjekt" />
110-->src\main\AndroidManifest.xml:21:77-106
111        <meta-data
111-->src\main\AndroidManifest.xml:22:5-92
112            android:name="com.epicgames.unreal.GameActivity.AppType"
112-->src\main\AndroidManifest.xml:22:16-72
113            android:value="" />
113-->src\main\AndroidManifest.xml:22:73-89
114        <meta-data
114-->src\main\AndroidManifest.xml:23:5-101
115            android:name="com.epicgames.unreal.GameActivity.bHasOBBFiles"
115-->src\main\AndroidManifest.xml:23:16-77
116            android:value="true" />
116-->src\main\AndroidManifest.xml:23:78-98
117        <meta-data
117-->src\main\AndroidManifest.xml:24:5-114
118            android:name="com.epicgames.unreal.GameActivity.BuildConfiguration"
118-->src\main\AndroidManifest.xml:24:16-83
119            android:value="Development" />
119-->src\main\AndroidManifest.xml:24:84-111
120        <meta-data
120-->src\main\AndroidManifest.xml:25:5-102
121            android:name="com.epicgames.unreal.GameActivity.CookedFlavors"
121-->src\main\AndroidManifest.xml:25:16-78
122            android:value="ASTC" />
122-->src\main\AndroidManifest.xml:25:79-99
123        <meta-data
123-->src\main\AndroidManifest.xml:26:5-112
124            android:name="com.epicgames.unreal.GameActivity.bValidateTextureFormats"
124-->src\main\AndroidManifest.xml:26:16-88
125            android:value="true" />
125-->src\main\AndroidManifest.xml:26:89-109
126        <meta-data
126-->src\main\AndroidManifest.xml:27:5-109
127            android:name="com.epicgames.unreal.GameActivity.bUseExternalFilesDir"
127-->src\main\AndroidManifest.xml:27:16-85
128            android:value="true" />
128-->src\main\AndroidManifest.xml:27:86-106
129        <meta-data
129-->src\main\AndroidManifest.xml:28:5-105
130            android:name="com.epicgames.unreal.GameActivity.bPublicLogFiles"
130-->src\main\AndroidManifest.xml:28:16-80
131            android:value="false" />
131-->src\main\AndroidManifest.xml:28:81-102
132        <meta-data
132-->src\main\AndroidManifest.xml:29:5-107
133            android:name="com.epicgames.unreal.GameActivity.bUseDisplayCutout"
133-->src\main\AndroidManifest.xml:29:16-82
134            android:value="false" />
134-->src\main\AndroidManifest.xml:29:83-104
135        <meta-data
135-->src\main\AndroidManifest.xml:30:5-98
136            android:name="com.epicgames.unreal.GameActivity.bAllowIMU"
136-->src\main\AndroidManifest.xml:30:16-74
137            android:value="true" />
137-->src\main\AndroidManifest.xml:30:75-95
138        <meta-data
138-->src\main\AndroidManifest.xml:31:5-104
139            android:name="com.epicgames.unreal.GameActivity.bSupportsVulkan"
139-->src\main\AndroidManifest.xml:31:16-80
140            android:value="true" />
140-->src\main\AndroidManifest.xml:31:81-101
141        <meta-data
141-->src\main\AndroidManifest.xml:32:5-100
142            android:name="com.epicgames.unreal.GameActivity.PropagateAlpha"
142-->src\main\AndroidManifest.xml:32:16-79
143            android:value="0" />
143-->src\main\AndroidManifest.xml:32:80-97
144        <meta-data
144-->src\main\AndroidManifest.xml:33:5-144
145            android:name="com.epicgames.unreal.GameActivity.StartupPermissions"
145-->src\main\AndroidManifest.xml:33:16-83
146            android:value="android.permission.WRITE_EXTERNAL_STORAGE" />
146-->src\main\AndroidManifest.xml:33:84-141
147        <meta-data
147-->src\main\AndroidManifest.xml:34:5-100
148            android:name="com.google.android.gms.games.APP_ID"
148-->src\main\AndroidManifest.xml:34:16-66
149            android:value="@string/app_id" />
149-->src\main\AndroidManifest.xml:34:67-97
150        <meta-data
150-->src\main\AndroidManifest.xml:35:5-118
151            android:name="com.google.android.gms.version"
151-->src\main\AndroidManifest.xml:35:16-61
152            android:value="@integer/google_play_services_version" />
152-->src\main\AndroidManifest.xml:35:62-115
153
154        <activity
154-->src\main\AndroidManifest.xml:36:5-180
155            android:name="com.google.android.gms.ads.AdActivity"
155-->src\main\AndroidManifest.xml:36:15-67
156            android:configChanges="keyboard|keyboardHidden|orientation|screenLayout|uiMode|screenSize|smallestScreenSize" />
156-->src\main\AndroidManifest.xml:36:68-177
157
158        <meta-data
158-->src\main\AndroidManifest.xml:37:5-99
159            android:name="com.oculus.supportedDevices"
159-->src\main\AndroidManifest.xml:37:16-58
160            android:value="quest|quest2|questpro" />
160-->src\main\AndroidManifest.xml:37:59-96
161
162        <service
162-->src\main\AndroidManifest.xml:38:5-119
163            android:name="com.epicgames.unreal.psoservices.OGLProgramService"
163-->src\main\AndroidManifest.xml:38:14-79
164            android:process=":psoprogramservice" />
164-->src\main\AndroidManifest.xml:38:80-116
165        <service
165-->src\main\AndroidManifest.xml:39:5-121
166            android:name="com.epicgames.unreal.psoservices.OGLProgramService1"
166-->src\main\AndroidManifest.xml:39:14-80
167            android:process=":psoprogramservice1" />
167-->src\main\AndroidManifest.xml:39:81-118
168        <service
168-->src\main\AndroidManifest.xml:40:5-121
169            android:name="com.epicgames.unreal.psoservices.OGLProgramService2"
169-->src\main\AndroidManifest.xml:40:14-80
170            android:process=":psoprogramservice2" />
170-->src\main\AndroidManifest.xml:40:81-118
171        <service
171-->src\main\AndroidManifest.xml:41:5-121
172            android:name="com.epicgames.unreal.psoservices.OGLProgramService3"
172-->src\main\AndroidManifest.xml:41:14-80
173            android:process=":psoprogramservice3" />
173-->src\main\AndroidManifest.xml:41:81-118
174        <service
174-->src\main\AndroidManifest.xml:42:5-121
175            android:name="com.epicgames.unreal.psoservices.OGLProgramService4"
175-->src\main\AndroidManifest.xml:42:14-80
176            android:process=":psoprogramservice4" />
176-->src\main\AndroidManifest.xml:42:81-118
177        <service
177-->src\main\AndroidManifest.xml:43:5-121
178            android:name="com.epicgames.unreal.psoservices.OGLProgramService5"
178-->src\main\AndroidManifest.xml:43:14-80
179            android:process=":psoprogramservice5" />
179-->src\main\AndroidManifest.xml:43:81-118
180        <service
180-->src\main\AndroidManifest.xml:44:5-121
181            android:name="com.epicgames.unreal.psoservices.OGLProgramService6"
181-->src\main\AndroidManifest.xml:44:14-80
182            android:process=":psoprogramservice6" />
182-->src\main\AndroidManifest.xml:44:81-118
183        <service
183-->src\main\AndroidManifest.xml:45:5-121
184            android:name="com.epicgames.unreal.psoservices.OGLProgramService7"
184-->src\main\AndroidManifest.xml:45:14-80
185            android:process=":psoprogramservice7" />
185-->src\main\AndroidManifest.xml:45:81-118
186        <service
186-->src\main\AndroidManifest.xml:46:5-122
187            android:name="com.epicgames.unreal.psoservices.VulkanProgramService"
187-->src\main\AndroidManifest.xml:46:14-82
188            android:process=":psoprogramservice" />
188-->src\main\AndroidManifest.xml:46:83-119
189        <service
189-->src\main\AndroidManifest.xml:47:5-124
190            android:name="com.epicgames.unreal.psoservices.VulkanProgramService1"
190-->src\main\AndroidManifest.xml:47:14-83
191            android:process=":psoprogramservice1" />
191-->src\main\AndroidManifest.xml:47:84-121
192        <service
192-->src\main\AndroidManifest.xml:48:5-124
193            android:name="com.epicgames.unreal.psoservices.VulkanProgramService2"
193-->src\main\AndroidManifest.xml:48:14-83
194            android:process=":psoprogramservice2" />
194-->src\main\AndroidManifest.xml:48:84-121
195        <service
195-->src\main\AndroidManifest.xml:49:5-124
196            android:name="com.epicgames.unreal.psoservices.VulkanProgramService3"
196-->src\main\AndroidManifest.xml:49:14-83
197            android:process=":psoprogramservice3" />
197-->src\main\AndroidManifest.xml:49:84-121
198        <service
198-->src\main\AndroidManifest.xml:50:5-124
199            android:name="com.epicgames.unreal.psoservices.VulkanProgramService4"
199-->src\main\AndroidManifest.xml:50:14-83
200            android:process=":psoprogramservice4" />
200-->src\main\AndroidManifest.xml:50:84-121
201        <service
201-->src\main\AndroidManifest.xml:51:5-124
202            android:name="com.epicgames.unreal.psoservices.VulkanProgramService5"
202-->src\main\AndroidManifest.xml:51:14-83
203            android:process=":psoprogramservice5" />
203-->src\main\AndroidManifest.xml:51:84-121
204        <service
204-->src\main\AndroidManifest.xml:52:5-124
205            android:name="com.epicgames.unreal.psoservices.VulkanProgramService6"
205-->src\main\AndroidManifest.xml:52:14-83
206            android:process=":psoprogramservice6" />
206-->src\main\AndroidManifest.xml:52:84-121
207        <service
207-->src\main\AndroidManifest.xml:53:5-124
208            android:name="com.epicgames.unreal.psoservices.VulkanProgramService7"
208-->src\main\AndroidManifest.xml:53:14-83
209            android:process=":psoprogramservice7" />
209-->src\main\AndroidManifest.xml:53:84-121
210        <service android:name="com.epicgames.LatenzProjekt.OBBDownloaderService" />
210-->src\main\AndroidManifest.xml:54:5-52
210-->src\main\AndroidManifest.xml:54:14-49
211
212        <receiver android:name="com.epicgames.LatenzProjekt.AlarmReceiver" />
212-->src\main\AndroidManifest.xml:55:5-46
212-->src\main\AndroidManifest.xml:55:15-43
213        <receiver android:name="com.epicgames.unreal.LocalNotificationReceiver" />
213-->src\main\AndroidManifest.xml:56:5-79
213-->src\main\AndroidManifest.xml:56:15-76
214        <receiver android:name="com.epicgames.unreal.CellularReceiver" />
214-->src\main\AndroidManifest.xml:57:5-70
214-->src\main\AndroidManifest.xml:57:15-67
215        <receiver
215-->src\main\AndroidManifest.xml:58:5-62:16
216            android:name="com.epicgames.unreal.MulticastBroadcastReceiver"
216-->src\main\AndroidManifest.xml:58:15-77
217            android:exported="true" >
217-->src\main\AndroidManifest.xml:58:78-101
218            <intent-filter>
218-->src\main\AndroidManifest.xml:59:7-61:23
219                <action android:name="com.android.vending.INSTALL_REFERRER" />
219-->src\main\AndroidManifest.xml:60:9-71
219-->src\main\AndroidManifest.xml:60:17-68
220            </intent-filter>
221        </receiver>
222
223        <meta-data
223-->src\main\AndroidManifest.xml:63:5-79
224            android:name="android.max_aspect"
224-->src\main\AndroidManifest.xml:63:16-49
225            android:value="2100000.00" />
225-->src\main\AndroidManifest.xml:63:50-76
226
227        <service
227-->src\main\AndroidManifest.xml:64:5-154
228            android:name="com.epicgames.unreal.RemoteFileManagerService"
228-->src\main\AndroidManifest.xml:64:14-74
229            __line="71"
229-->src\main\AndroidManifest.xml:64:140-151
230            android:exported="true"
230-->src\main\AndroidManifest.xml:64:116-139
231            android:foregroundServiceType="dataSync" />
231-->src\main\AndroidManifest.xml:64:75-115
232
233        <activity
233-->src\main\AndroidManifest.xml:65:5-69:16
234            android:name="com.epicgames.unreal.RemoteFileManagerActivity"
234-->src\main\AndroidManifest.xml:65:15-76
235            __line="72"
235-->src\main\AndroidManifest.xml:65:183-194
236            android:exported="true"
236-->src\main\AndroidManifest.xml:65:77-100
237            android:screenOrientation="sensor"
237-->src\main\AndroidManifest.xml:65:101-135
238            android:theme="@android:style/Theme.NoDisplay" >
238-->src\main\AndroidManifest.xml:65:136-182
239            <intent-filter __line="73" >
239-->src\main\AndroidManifest.xml:66:7-68:23
239-->src\main\AndroidManifest.xml:66:22-33
240                <action
240-->src\main\AndroidManifest.xml:67:9-101
241                    android:name="com.epicgames.unreal.RemoteFileManager.intent.COMMAND2"
241-->src\main\AndroidManifest.xml:67:17-86
242                    __line="74" />
242-->src\main\AndroidManifest.xml:67:87-98
243            </intent-filter>
244        </activity>
245
246        <meta-data
246-->src\main\AndroidManifest.xml:70:5-129
247            android:name="com.epicgames.unreal.RemoteFileManager.bAllowNetworkConnection"
247-->src\main\AndroidManifest.xml:70:16-93
248            __line="85"
248-->src\main\AndroidManifest.xml:70:115-126
249            android:value="true" />
249-->src\main\AndroidManifest.xml:70:94-114
250
251        <activity
251-->[com.google.android.gms:play-services-auth:18.1.0] AndroidManifest.xml:23:9-27:75
252            android:name="com.google.android.gms.auth.api.signin.internal.SignInHubActivity"
252-->[com.google.android.gms:play-services-auth:18.1.0] AndroidManifest.xml:24:13-93
253            android:excludeFromRecents="true"
253-->[com.google.android.gms:play-services-auth:18.1.0] AndroidManifest.xml:25:13-46
254            android:exported="false"
254-->[com.google.android.gms:play-services-auth:18.1.0] AndroidManifest.xml:26:13-37
255            android:theme="@android:style/Theme.Translucent.NoTitleBar" />
255-->[com.google.android.gms:play-services-auth:18.1.0] AndroidManifest.xml:27:13-72
256        <!--
257            Service handling Google Sign-In user revocation. For apps that do not integrate with
258            Google Sign-In, this service will never be started.
259        -->
260        <service
260-->[com.google.android.gms:play-services-auth:18.1.0] AndroidManifest.xml:33:9-37:51
261            android:name="com.google.android.gms.auth.api.signin.RevocationBoundService"
261-->[com.google.android.gms:play-services-auth:18.1.0] AndroidManifest.xml:34:13-89
262            android:exported="true"
262-->[com.google.android.gms:play-services-auth:18.1.0] AndroidManifest.xml:35:13-36
263            android:permission="com.google.android.gms.auth.api.signin.permission.REVOCATION_NOTIFICATION"
263-->[com.google.android.gms:play-services-auth:18.1.0] AndroidManifest.xml:36:13-107
264            android:visibleToInstantApps="true" />
264-->[com.google.android.gms:play-services-auth:18.1.0] AndroidManifest.xml:37:13-48
265        <service
265-->[com.google.android.gms:play-services-nearby:18.1.0] AndroidManifest.xml:10:9-13:105
266            android:name="com.google.android.gms.nearby.exposurenotification.WakeUpService"
266-->[com.google.android.gms:play-services-nearby:18.1.0] AndroidManifest.xml:11:13-92
267            android:exported="true"
267-->[com.google.android.gms:play-services-nearby:18.1.0] AndroidManifest.xml:12:13-36
268            android:permission="com.google.android.gms.nearby.exposurenotification.EXPOSURE_CALLBACK" />
268-->[com.google.android.gms:play-services-nearby:18.1.0] AndroidManifest.xml:13:13-102
269
270        <meta-data
270-->[com.android.billingclient:billing:6.0.0] AndroidManifest.xml:19:9-21:37
271            android:name="com.google.android.play.billingclient.version"
271-->[com.android.billingclient:billing:6.0.0] AndroidManifest.xml:20:13-73
272            android:value="6.0.0" />
272-->[com.android.billingclient:billing:6.0.0] AndroidManifest.xml:21:13-34
273
274        <activity
274-->[com.android.billingclient:billing:6.0.0] AndroidManifest.xml:23:9-27:75
275            android:name="com.android.billingclient.api.ProxyBillingActivity"
275-->[com.android.billingclient:billing:6.0.0] AndroidManifest.xml:24:13-78
276            android:configChanges="keyboard|keyboardHidden|screenLayout|screenSize|orientation"
276-->[com.android.billingclient:billing:6.0.0] AndroidManifest.xml:25:13-96
277            android:exported="false"
277-->[com.android.billingclient:billing:6.0.0] AndroidManifest.xml:26:13-37
278            android:theme="@android:style/Theme.Translucent.NoTitleBar" />
278-->[com.android.billingclient:billing:6.0.0] AndroidManifest.xml:27:13-72
279        <activity
279-->[com.google.android.gms:play-services-base:18.0.1] AndroidManifest.xml:20:9-22:45
280            android:name="com.google.android.gms.common.api.GoogleApiActivity"
280-->[com.google.android.gms:play-services-base:18.0.1] AndroidManifest.xml:20:19-85
281            android:exported="false"
281-->[com.google.android.gms:play-services-base:18.0.1] AndroidManifest.xml:22:19-43
282            android:theme="@android:style/Theme.Translucent.NoTitleBar" />
282-->[com.google.android.gms:play-services-base:18.0.1] AndroidManifest.xml:21:19-78
283
284        <service
284-->[com.google.android.datatransport:transport-backend-cct:3.1.8] AndroidManifest.xml:28:9-34:19
285            android:name="com.google.android.datatransport.runtime.backends.TransportBackendDiscovery"
285-->[com.google.android.datatransport:transport-backend-cct:3.1.8] AndroidManifest.xml:29:13-103
286            android:exported="false" >
286-->[com.google.android.datatransport:transport-backend-cct:3.1.8] AndroidManifest.xml:30:13-37
287            <meta-data
287-->[com.google.android.datatransport:transport-backend-cct:3.1.8] AndroidManifest.xml:31:13-33:39
288                android:name="backend:com.google.android.datatransport.cct.CctBackendFactory"
288-->[com.google.android.datatransport:transport-backend-cct:3.1.8] AndroidManifest.xml:32:17-94
289                android:value="cct" />
289-->[com.google.android.datatransport:transport-backend-cct:3.1.8] AndroidManifest.xml:33:17-36
290        </service>
291        <service
291-->[com.google.android.datatransport:transport-runtime:3.1.8] AndroidManifest.xml:26:9-30:19
292            android:name="com.google.android.datatransport.runtime.scheduling.jobscheduling.JobInfoSchedulerService"
292-->[com.google.android.datatransport:transport-runtime:3.1.8] AndroidManifest.xml:27:13-117
293            android:exported="false"
293-->[com.google.android.datatransport:transport-runtime:3.1.8] AndroidManifest.xml:28:13-37
294            android:permission="android.permission.BIND_JOB_SERVICE" >
294-->[com.google.android.datatransport:transport-runtime:3.1.8] AndroidManifest.xml:29:13-69
295        </service>
296
297        <receiver
297-->[com.google.android.datatransport:transport-runtime:3.1.8] AndroidManifest.xml:32:9-34:40
298            android:name="com.google.android.datatransport.runtime.scheduling.jobscheduling.AlarmManagerSchedulerBroadcastReceiver"
298-->[com.google.android.datatransport:transport-runtime:3.1.8] AndroidManifest.xml:33:13-132
299            android:exported="false" />
299-->[com.google.android.datatransport:transport-runtime:3.1.8] AndroidManifest.xml:34:13-37
300
301        <provider
301-->[androidx.lifecycle:lifecycle-process:2.0.0] AndroidManifest.xml:23:9-27:43
302            android:name="androidx.lifecycle.ProcessLifecycleOwnerInitializer"
302-->[androidx.lifecycle:lifecycle-process:2.0.0] AndroidManifest.xml:24:13-79
303            android:authorities="com.epicgames.LatenzProjekt.lifecycle-process"
303-->[androidx.lifecycle:lifecycle-process:2.0.0] AndroidManifest.xml:25:13-69
304            android:exported="false"
304-->[androidx.lifecycle:lifecycle-process:2.0.0] AndroidManifest.xml:26:13-37
305            android:multiprocess="true" />
305-->[androidx.lifecycle:lifecycle-process:2.0.0] AndroidManifest.xml:27:13-40
306    </application>
307
308</manifest>